<?xml version="1.0" encoding="UTF-8"?>
<testsuite xmlns:xsi="http://www.w3.org/2001/XMLSchema-instance" xsi:noNamespaceSchemaLocation="https://maven.apache.org/surefire/maven-surefire-plugin/xsd/surefire-test-report-3.0.xsd" version="3.0" name="com.VI__236.UdarSuTestTask.WeatherAppTests" time="2.87" tests="1" errors="0" skipped="0" failures="0">
  <properties>
    <property name="java.specification.version" value="21"/>
    <property name="sun.jnu.encoding" value="UTF-8"/>
    <property name="java.class.path" value="/home/vlad-236/Java_projects/Udar.suTestTask/UdarSuTestTask/target/test-classes:/home/vlad-236/Java_projects/Udar.suTestTask/UdarSuTestTask/target/classes:/home/vlad-236/.m2/repository/org/springframework/boot/spring-boot-starter-web/3.3.5/spring-boot-starter-web-3.3.5.jar:/home/vlad-236/.m2/repository/org/springframework/boot/spring-boot-starter/3.3.5/spring-boot-starter-3.3.5.jar:/home/vlad-236/.m2/repository/org/springframework/boot/spring-boot-starter-logging/3.3.5/spring-boot-starter-logging-3.3.5.jar:/home/vlad-236/.m2/repository/ch/qos/logback/logback-classic/1.5.11/logback-classic-1.5.11.jar:/home/vlad-236/.m2/repository/ch/qos/logback/logback-core/1.5.11/logback-core-1.5.11.jar:/home/vlad-236/.m2/repository/org/apache/logging/log4j/log4j-to-slf4j/2.23.1/log4j-to-slf4j-2.23.1.jar:/home/vlad-236/.m2/repository/org/apache/logging/log4j/log4j-api/2.23.1/log4j-api-2.23.1.jar:/home/vlad-236/.m2/repository/org/slf4j/jul-to-slf4j/2.0.16/jul-to-slf4j-2.0.16.jar:/home/vlad-236/.m2/repository/jakarta/annotation/jakarta.annotation-api/2.1.1/jakarta.annotation-api-2.1.1.jar:/home/vlad-236/.m2/repository/org/yaml/snakeyaml/2.2/snakeyaml-2.2.jar:/home/vlad-236/.m2/repository/org/springframework/boot/spring-boot-starter-json/3.3.5/spring-boot-starter-json-3.3.5.jar:/home/vlad-236/.m2/repository/com/fasterxml/jackson/core/jackson-databind/2.17.2/jackson-databind-2.17.2.jar:/home/vlad-236/.m2/repository/com/fasterxml/jackson/core/jackson-annotations/2.17.2/jackson-annotations-2.17.2.jar:/home/vlad-236/.m2/repository/com/fasterxml/jackson/core/jackson-core/2.17.2/jackson-core-2.17.2.jar:/home/vlad-236/.m2/repository/com/fasterxml/jackson/datatype/jackson-datatype-jdk8/2.17.2/jackson-datatype-jdk8-2.17.2.jar:/home/vlad-236/.m2/repository/com/fasterxml/jackson/datatype/jackson-datatype-jsr310/2.17.2/jackson-datatype-jsr310-2.17.2.jar:/home/vlad-236/.m2/repository/com/fasterxml/jackson/module/jackson-module-parameter-names/2.17.2/jackson-module-parameter-names-2.17.2.jar:/home/vlad-236/.m2/repository/org/springframework/boot/spring-boot-starter-tomcat/3.3.5/spring-boot-starter-tomcat-3.3.5.jar:/home/vlad-236/.m2/repository/org/apache/tomcat/embed/tomcat-embed-core/10.1.31/tomcat-embed-core-10.1.31.jar:/home/vlad-236/.m2/repository/org/apache/tomcat/embed/tomcat-embed-el/10.1.31/tomcat-embed-el-10.1.31.jar:/home/vlad-236/.m2/repository/org/apache/tomcat/embed/tomcat-embed-websocket/10.1.31/tomcat-embed-websocket-10.1.31.jar:/home/vlad-236/.m2/repository/org/springframework/spring-web/6.1.14/spring-web-6.1.14.jar:/home/vlad-236/.m2/repository/org/springframework/spring-beans/6.1.14/spring-beans-6.1.14.jar:/home/vlad-236/.m2/repository/io/micrometer/micrometer-observation/1.13.6/micrometer-observation-1.13.6.jar:/home/vlad-236/.m2/repository/io/micrometer/micrometer-commons/1.13.6/micrometer-commons-1.13.6.jar:/home/vlad-236/.m2/repository/org/springframework/spring-webmvc/6.1.14/spring-webmvc-6.1.14.jar:/home/vlad-236/.m2/repository/org/springframework/spring-aop/6.1.14/spring-aop-6.1.14.jar:/home/vlad-236/.m2/repository/org/springframework/spring-context/6.1.14/spring-context-6.1.14.jar:/home/vlad-236/.m2/repository/org/springframework/spring-expression/6.1.14/spring-expression-6.1.14.jar:/home/vlad-236/.m2/repository/org/springframework/boot/spring-boot-devtools/3.3.5/spring-boot-devtools-3.3.5.jar:/home/vlad-236/.m2/repository/org/springframework/boot/spring-boot/3.3.5/spring-boot-3.3.5.jar:/home/vlad-236/.m2/repository/org/springframework/boot/spring-boot-autoconfigure/3.3.5/spring-boot-autoconfigure-3.3.5.jar:/home/vlad-236/.m2/repository/org/projectlombok/lombok/1.18.34/lombok-1.18.34.jar:/home/vlad-236/.m2/repository/org/springframework/boot/spring-boot-starter-test/3.3.5/spring-boot-starter-test-3.3.5.jar:/home/vlad-236/.m2/repository/org/springframework/boot/spring-boot-test/3.3.5/spring-boot-test-3.3.5.jar:/home/vlad-236/.m2/repository/org/springframework/boot/spring-boot-test-autoconfigure/3.3.5/spring-boot-test-autoconfigure-3.3.5.jar:/home/vlad-236/.m2/repository/com/jayway/jsonpath/json-path/2.9.0/json-path-2.9.0.jar:/home/vlad-236/.m2/repository/org/slf4j/slf4j-api/2.0.16/slf4j-api-2.0.16.jar:/home/vlad-236/.m2/repository/jakarta/xml/bind/jakarta.xml.bind-api/4.0.2/jakarta.xml.bind-api-4.0.2.jar:/home/vlad-236/.m2/repository/jakarta/activation/jakarta.activation-api/2.1.3/jakarta.activation-api-2.1.3.jar:/home/vlad-236/.m2/repository/net/minidev/json-smart/2.5.1/json-smart-2.5.1.jar:/home/vlad-236/.m2/repository/net/minidev/accessors-smart/2.5.1/accessors-smart-2.5.1.jar:/home/vlad-236/.m2/repository/org/ow2/asm/asm/9.6/asm-9.6.jar:/home/vlad-236/.m2/repository/org/assertj/assertj-core/3.25.3/assertj-core-3.25.3.jar:/home/vlad-236/.m2/repository/net/bytebuddy/byte-buddy/1.14.19/byte-buddy-1.14.19.jar:/home/vlad-236/.m2/repository/org/awaitility/awaitility/4.2.2/awaitility-4.2.2.jar:/home/vlad-236/.m2/repository/org/hamcrest/hamcrest/2.2/hamcrest-2.2.jar:/home/vlad-236/.m2/repository/org/junit/jupiter/junit-jupiter/5.10.5/junit-jupiter-5.10.5.jar:/home/vlad-236/.m2/repository/org/junit/jupiter/junit-jupiter-api/5.10.5/junit-jupiter-api-5.10.5.jar:/home/vlad-236/.m2/repository/org/opentest4j/opentest4j/1.3.0/opentest4j-1.3.0.jar:/home/vlad-236/.m2/repository/org/junit/platform/junit-platform-commons/1.10.5/junit-platform-commons-1.10.5.jar:/home/vlad-236/.m2/repository/org/apiguardian/apiguardian-api/1.1.2/apiguardian-api-1.1.2.jar:/home/vlad-236/.m2/repository/org/junit/jupiter/junit-jupiter-params/5.10.5/junit-jupiter-params-5.10.5.jar:/home/vlad-236/.m2/repository/org/junit/jupiter/junit-jupiter-engine/5.10.5/junit-jupiter-engine-5.10.5.jar:/home/vlad-236/.m2/repository/org/junit/platform/junit-platform-engine/1.10.5/junit-platform-engine-1.10.5.jar:/home/vlad-236/.m2/repository/org/mockito/mockito-core/5.11.0/mockito-core-5.11.0.jar:/home/vlad-236/.m2/repository/net/bytebuddy/byte-buddy-agent/1.14.19/byte-buddy-agent-1.14.19.jar:/home/vlad-236/.m2/repository/org/objenesis/objenesis/3.3/objenesis-3.3.jar:/home/vlad-236/.m2/repository/org/mockito/mockito-junit-jupiter/5.11.0/mockito-junit-jupiter-5.11.0.jar:/home/vlad-236/.m2/repository/org/skyscreamer/jsonassert/1.5.3/jsonassert-1.5.3.jar:/home/vlad-236/.m2/repository/com/vaadin/external/google/android-json/0.0.20131108.vaadin1/android-json-0.0.20131108.vaadin1.jar:/home/vlad-236/.m2/repository/org/springframework/spring-core/6.1.14/spring-core-6.1.14.jar:/home/vlad-236/.m2/repository/org/springframework/spring-jcl/6.1.14/spring-jcl-6.1.14.jar:/home/vlad-236/.m2/repository/org/springframework/spring-test/6.1.14/spring-test-6.1.14.jar:/home/vlad-236/.m2/repository/org/xmlunit/xmlunit-core/2.9.1/xmlunit-core-2.9.1.jar:/home/vlad-236/.m2/repository/org/springframework/cloud/spring-cloud-starter-openfeign/4.1.3/spring-cloud-starter-openfeign-4.1.3.jar:/home/vlad-236/.m2/repository/org/springframework/cloud/spring-cloud-starter/4.1.4/spring-cloud-starter-4.1.4.jar:/home/vlad-236/.m2/repository/org/springframework/cloud/spring-cloud-context/4.1.4/spring-cloud-context-4.1.4.jar:/home/vlad-236/.m2/repository/org/springframework/security/spring-security-rsa/1.1.3/spring-security-rsa-1.1.3.jar:/home/vlad-236/.m2/repository/org/bouncycastle/bcprov-jdk18on/1.78/bcprov-jdk18on-1.78.jar:/home/vlad-236/.m2/repository/org/springframework/cloud/spring-cloud-openfeign-core/4.1.3/spring-cloud-openfeign-core-4.1.3.jar:/home/vlad-236/.m2/repository/io/github/openfeign/form/feign-form-spring/3.8.0/feign-form-spring-3.8.0.jar:/home/vlad-236/.m2/repository/io/github/openfeign/form/feign-form/3.8.0/feign-form-3.8.0.jar:/home/vlad-236/.m2/repository/commons-fileupload/commons-fileupload/1.5/commons-fileupload-1.5.jar:/home/vlad-236/.m2/repository/commons-io/commons-io/2.11.0/commons-io-2.11.0.jar:/home/vlad-236/.m2/repository/org/springframework/cloud/spring-cloud-commons/4.1.4/spring-cloud-commons-4.1.4.jar:/home/vlad-236/.m2/repository/org/springframework/security/spring-security-crypto/6.3.4/spring-security-crypto-6.3.4.jar:/home/vlad-236/.m2/repository/io/github/openfeign/feign-core/13.3/feign-core-13.3.jar:/home/vlad-236/.m2/repository/io/github/openfeign/feign-slf4j/13.3/feign-slf4j-13.3.jar:"/>
    <property name="java.vm.vendor" value="Ubuntu"/>
    <property name="sun.arch.data.model" value="64"/>
    <property name="java.vendor.url" value="https://ubuntu.com/"/>
    <property name="user.timezone" value="Asia/Irkutsk"/>
    <property name="os.name" value="Linux"/>
    <property name="java.vm.specification.version" value="21"/>
    <property name="sun.java.launcher" value="SUN_STANDARD"/>
    <property name="user.country" value="RU"/>
    <property name="sun.boot.library.path" value="/usr/lib/jvm/java-21-openjdk-amd64/lib"/>
    <property name="sun.java.command" value="/home/vlad-236/Java_projects/Udar.suTestTask/UdarSuTestTask/target/surefire/surefirebooter-20241111020627366_3.jar /home/vlad-236/Java_projects/Udar.suTestTask/UdarSuTestTask/target/surefire 2024-11-11T02-06-27_271-jvmRun1 surefire-20241111020627366_1tmp surefire_0-20241111020627366_2tmp"/>
    <property name="jdk.debug" value="release"/>
    <property name="surefire.test.class.path" value="/home/vlad-236/Java_projects/Udar.suTestTask/UdarSuTestTask/target/test-classes:/home/vlad-236/Java_projects/Udar.suTestTask/UdarSuTestTask/target/classes:/home/vlad-236/.m2/repository/org/springframework/boot/spring-boot-starter-web/3.3.5/spring-boot-starter-web-3.3.5.jar:/home/vlad-236/.m2/repository/org/springframework/boot/spring-boot-starter/3.3.5/spring-boot-starter-3.3.5.jar:/home/vlad-236/.m2/repository/org/springframework/boot/spring-boot-starter-logging/3.3.5/spring-boot-starter-logging-3.3.5.jar:/home/vlad-236/.m2/repository/ch/qos/logback/logback-classic/1.5.11/logback-classic-1.5.11.jar:/home/vlad-236/.m2/repository/ch/qos/logback/logback-core/1.5.11/logback-core-1.5.11.jar:/home/vlad-236/.m2/repository/org/apache/logging/log4j/log4j-to-slf4j/2.23.1/log4j-to-slf4j-2.23.1.jar:/home/vlad-236/.m2/repository/org/apache/logging/log4j/log4j-api/2.23.1/log4j-api-2.23.1.jar:/home/vlad-236/.m2/repository/org/slf4j/jul-to-slf4j/2.0.16/jul-to-slf4j-2.0.16.jar:/home/vlad-236/.m2/repository/jakarta/annotation/jakarta.annotation-api/2.1.1/jakarta.annotation-api-2.1.1.jar:/home/vlad-236/.m2/repository/org/yaml/snakeyaml/2.2/snakeyaml-2.2.jar:/home/vlad-236/.m2/repository/org/springframework/boot/spring-boot-starter-json/3.3.5/spring-boot-starter-json-3.3.5.jar:/home/vlad-236/.m2/repository/com/fasterxml/jackson/core/jackson-databind/2.17.2/jackson-databind-2.17.2.jar:/home/vlad-236/.m2/repository/com/fasterxml/jackson/core/jackson-annotations/2.17.2/jackson-annotations-2.17.2.jar:/home/vlad-236/.m2/repository/com/fasterxml/jackson/core/jackson-core/2.17.2/jackson-core-2.17.2.jar:/home/vlad-236/.m2/repository/com/fasterxml/jackson/datatype/jackson-datatype-jdk8/2.17.2/jackson-datatype-jdk8-2.17.2.jar:/home/vlad-236/.m2/repository/com/fasterxml/jackson/datatype/jackson-datatype-jsr310/2.17.2/jackson-datatype-jsr310-2.17.2.jar:/home/vlad-236/.m2/repository/com/fasterxml/jackson/module/jackson-module-parameter-names/2.17.2/jackson-module-parameter-names-2.17.2.jar:/home/vlad-236/.m2/repository/org/springframework/boot/spring-boot-starter-tomcat/3.3.5/spring-boot-starter-tomcat-3.3.5.jar:/home/vlad-236/.m2/repository/org/apache/tomcat/embed/tomcat-embed-core/10.1.31/tomcat-embed-core-10.1.31.jar:/home/vlad-236/.m2/repository/org/apache/tomcat/embed/tomcat-embed-el/10.1.31/tomcat-embed-el-10.1.31.jar:/home/vlad-236/.m2/repository/org/apache/tomcat/embed/tomcat-embed-websocket/10.1.31/tomcat-embed-websocket-10.1.31.jar:/home/vlad-236/.m2/repository/org/springframework/spring-web/6.1.14/spring-web-6.1.14.jar:/home/vlad-236/.m2/repository/org/springframework/spring-beans/6.1.14/spring-beans-6.1.14.jar:/home/vlad-236/.m2/repository/io/micrometer/micrometer-observation/1.13.6/micrometer-observation-1.13.6.jar:/home/vlad-236/.m2/repository/io/micrometer/micrometer-commons/1.13.6/micrometer-commons-1.13.6.jar:/home/vlad-236/.m2/repository/org/springframework/spring-webmvc/6.1.14/spring-webmvc-6.1.14.jar:/home/vlad-236/.m2/repository/org/springframework/spring-aop/6.1.14/spring-aop-6.1.14.jar:/home/vlad-236/.m2/repository/org/springframework/spring-context/6.1.14/spring-context-6.1.14.jar:/home/vlad-236/.m2/repository/org/springframework/spring-expression/6.1.14/spring-expression-6.1.14.jar:/home/vlad-236/.m2/repository/org/springframework/boot/spring-boot-devtools/3.3.5/spring-boot-devtools-3.3.5.jar:/home/vlad-236/.m2/repository/org/springframework/boot/spring-boot/3.3.5/spring-boot-3.3.5.jar:/home/vlad-236/.m2/repository/org/springframework/boot/spring-boot-autoconfigure/3.3.5/spring-boot-autoconfigure-3.3.5.jar:/home/vlad-236/.m2/repository/org/projectlombok/lombok/1.18.34/lombok-1.18.34.jar:/home/vlad-236/.m2/repository/org/springframework/boot/spring-boot-starter-test/3.3.5/spring-boot-starter-test-3.3.5.jar:/home/vlad-236/.m2/repository/org/springframework/boot/spring-boot-test/3.3.5/spring-boot-test-3.3.5.jar:/home/vlad-236/.m2/repository/org/springframework/boot/spring-boot-test-autoconfigure/3.3.5/spring-boot-test-autoconfigure-3.3.5.jar:/home/vlad-236/.m2/repository/com/jayway/jsonpath/json-path/2.9.0/json-path-2.9.0.jar:/home/vlad-236/.m2/repository/org/slf4j/slf4j-api/2.0.16/slf4j-api-2.0.16.jar:/home/vlad-236/.m2/repository/jakarta/xml/bind/jakarta.xml.bind-api/4.0.2/jakarta.xml.bind-api-4.0.2.jar:/home/vlad-236/.m2/repository/jakarta/activation/jakarta.activation-api/2.1.3/jakarta.activation-api-2.1.3.jar:/home/vlad-236/.m2/repository/net/minidev/json-smart/2.5.1/json-smart-2.5.1.jar:/home/vlad-236/.m2/repository/net/minidev/accessors-smart/2.5.1/accessors-smart-2.5.1.jar:/home/vlad-236/.m2/repository/org/ow2/asm/asm/9.6/asm-9.6.jar:/home/vlad-236/.m2/repository/org/assertj/assertj-core/3.25.3/assertj-core-3.25.3.jar:/home/vlad-236/.m2/repository/net/bytebuddy/byte-buddy/1.14.19/byte-buddy-1.14.19.jar:/home/vlad-236/.m2/repository/org/awaitility/awaitility/4.2.2/awaitility-4.2.2.jar:/home/vlad-236/.m2/repository/org/hamcrest/hamcrest/2.2/hamcrest-2.2.jar:/home/vlad-236/.m2/repository/org/junit/jupiter/junit-jupiter/5.10.5/junit-jupiter-5.10.5.jar:/home/vlad-236/.m2/repository/org/junit/jupiter/junit-jupiter-api/5.10.5/junit-jupiter-api-5.10.5.jar:/home/vlad-236/.m2/repository/org/opentest4j/opentest4j/1.3.0/opentest4j-1.3.0.jar:/home/vlad-236/.m2/repository/org/junit/platform/junit-platform-commons/1.10.5/junit-platform-commons-1.10.5.jar:/home/vlad-236/.m2/repository/org/apiguardian/apiguardian-api/1.1.2/apiguardian-api-1.1.2.jar:/home/vlad-236/.m2/repository/org/junit/jupiter/junit-jupiter-params/5.10.5/junit-jupiter-params-5.10.5.jar:/home/vlad-236/.m2/repository/org/junit/jupiter/junit-jupiter-engine/5.10.5/junit-jupiter-engine-5.10.5.jar:/home/vlad-236/.m2/repository/org/junit/platform/junit-platform-engine/1.10.5/junit-platform-engine-1.10.5.jar:/home/vlad-236/.m2/repository/org/mockito/mockito-core/5.11.0/mockito-core-5.11.0.jar:/home/vlad-236/.m2/repository/net/bytebuddy/byte-buddy-agent/1.14.19/byte-buddy-agent-1.14.19.jar:/home/vlad-236/.m2/repository/org/objenesis/objenesis/3.3/objenesis-3.3.jar:/home/vlad-236/.m2/repository/org/mockito/mockito-junit-jupiter/5.11.0/mockito-junit-jupiter-5.11.0.jar:/home/vlad-236/.m2/repository/org/skyscreamer/jsonassert/1.5.3/jsonassert-1.5.3.jar:/home/vlad-236/.m2/repository/com/vaadin/external/google/android-json/0.0.20131108.vaadin1/android-json-0.0.20131108.vaadin1.jar:/home/vlad-236/.m2/repository/org/springframework/spring-core/6.1.14/spring-core-6.1.14.jar:/home/vlad-236/.m2/repository/org/springframework/spring-jcl/6.1.14/spring-jcl-6.1.14.jar:/home/vlad-236/.m2/repository/org/springframework/spring-test/6.1.14/spring-test-6.1.14.jar:/home/vlad-236/.m2/repository/org/xmlunit/xmlunit-core/2.9.1/xmlunit-core-2.9.1.jar:/home/vlad-236/.m2/repository/org/springframework/cloud/spring-cloud-starter-openfeign/4.1.3/spring-cloud-starter-openfeign-4.1.3.jar:/home/vlad-236/.m2/repository/org/springframework/cloud/spring-cloud-starter/4.1.4/spring-cloud-starter-4.1.4.jar:/home/vlad-236/.m2/repository/org/springframework/cloud/spring-cloud-context/4.1.4/spring-cloud-context-4.1.4.jar:/home/vlad-236/.m2/repository/org/springframework/security/spring-security-rsa/1.1.3/spring-security-rsa-1.1.3.jar:/home/vlad-236/.m2/repository/org/bouncycastle/bcprov-jdk18on/1.78/bcprov-jdk18on-1.78.jar:/home/vlad-236/.m2/repository/org/springframework/cloud/spring-cloud-openfeign-core/4.1.3/spring-cloud-openfeign-core-4.1.3.jar:/home/vlad-236/.m2/repository/io/github/openfeign/form/feign-form-spring/3.8.0/feign-form-spring-3.8.0.jar:/home/vlad-236/.m2/repository/io/github/openfeign/form/feign-form/3.8.0/feign-form-3.8.0.jar:/home/vlad-236/.m2/repository/commons-fileupload/commons-fileupload/1.5/commons-fileupload-1.5.jar:/home/vlad-236/.m2/repository/commons-io/commons-io/2.11.0/commons-io-2.11.0.jar:/home/vlad-236/.m2/repository/org/springframework/cloud/spring-cloud-commons/4.1.4/spring-cloud-commons-4.1.4.jar:/home/vlad-236/.m2/repository/org/springframework/security/spring-security-crypto/6.3.4/spring-security-crypto-6.3.4.jar:/home/vlad-236/.m2/repository/io/github/openfeign/feign-core/13.3/feign-core-13.3.jar:/home/vlad-236/.m2/repository/io/github/openfeign/feign-slf4j/13.3/feign-slf4j-13.3.jar:"/>
    <property name="sun.cpu.endian" value="little"/>
    <property name="user.home" value="/home/vlad-236"/>
    <property name="user.language" value="ru"/>
    <property name="java.specification.vendor" value="Oracle Corporation"/>
    <property name="java.version.date" value="2024-10-15"/>
    <property name="java.home" value="/usr/lib/jvm/java-21-openjdk-amd64"/>
    <property name="file.separator" value="/"/>
    <property name="basedir" value="/home/vlad-236/Java_projects/Udar.suTestTask/UdarSuTestTask"/>
    <property name="java.vm.compressedOopsMode" value="Zero based"/>
    <property name="line.separator" value="&#10;"/>
    <property name="java.vm.specification.vendor" value="Oracle Corporation"/>
    <property name="java.specification.name" value="Java Platform API Specification"/>
    <property name="FILE_LOG_CHARSET" value="UTF-8"/>
    <property name="java.awt.headless" value="true"/>
    <property name="surefire.real.class.path" value="/home/vlad-236/Java_projects/Udar.suTestTask/UdarSuTestTask/target/surefire/surefirebooter-20241111020627366_3.jar"/>
    <property name="sun.management.compiler" value="HotSpot 64-Bit Tiered Compilers"/>
    <property name="java.runtime.version" value="21.0.5-ea+8-Ubuntu-1"/>
    <property name="user.name" value="vlad-236"/>
    <property name="stdout.encoding" value="UTF-8"/>
    <property name="path.separator" value=":"/>
    <property name="os.version" value="6.11.0-9-generic"/>
    <property name="java.runtime.name" value="OpenJDK Runtime Environment"/>
    <property name="file.encoding" value="UTF-8"/>
    <property name="java.vm.name" value="OpenJDK 64-Bit Server VM"/>
    <property name="localRepository" value="/home/vlad-236/.m2/repository"/>
    <property name="java.vendor.url.bug" value="https://bugs.launchpad.net/ubuntu/+source/openjdk-21"/>
    <property name="java.io.tmpdir" value="/tmp"/>
    <property name="java.version" value="21.0.5-ea"/>
    <property name="user.dir" value="/home/vlad-236/Java_projects/Udar.suTestTask/UdarSuTestTask"/>
    <property name="os.arch" value="amd64"/>
    <property name="java.vm.specification.name" value="Java Virtual Machine Specification"/>
    <property name="PID" value="19166"/>
    <property name="CONSOLE_LOG_CHARSET" value="UTF-8"/>
    <property name="native.encoding" value="UTF-8"/>
    <property name="java.library.path" value="/usr/java/packages/lib:/usr/lib/x86_64-linux-gnu/jni:/lib/x86_64-linux-gnu:/usr/lib/x86_64-linux-gnu:/usr/lib/jni:/lib:/usr/lib"/>
    <property name="java.vm.info" value="mixed mode, sharing"/>
    <property name="stderr.encoding" value="UTF-8"/>
    <property name="java.vendor" value="Ubuntu"/>
    <property name="java.vm.version" value="21.0.5-ea+8-Ubuntu-1"/>
    <property name="sun.io.unicode.encoding" value="UnicodeLittle"/>
    <property name="java.class.version" value="65.0"/>
    <property name="LOGGED_APPLICATION_NAME" value="[UdarSuTestTask] "/>
  </properties>
  <testcase name="contextLoads" classname="com.VI__236.UdarSuTestTask.WeatherAppTests" time="0.68">
    <system-out><![CDATA[02:06:28.026 [main] INFO org.springframework.test.context.support.AnnotationConfigContextLoaderUtils -- Could not detect default configuration classes for test class [com.VI__236.UdarSuTestTask.WeatherAppTests]: WeatherAppTests does not declare any static, non-private, non-final, nested classes annotated with @Configuration.
02:06:28.114 [main] INFO org.springframework.boot.test.context.SpringBootTestContextBootstrapper -- Found @SpringBootConfiguration com.VI__236.UdarSuTestTask.WeatherApp for test class com.VI__236.UdarSuTestTask.WeatherAppTests
02:06:28.244 [main] INFO org.springframework.boot.devtools.restart.RestartApplicationListener -- Restart disabled due to context in which it is running

  .   ____          _            __ _ _
 /\\ / ___'_ __ _ _(_)_ __  __ _ \ \ \ \
( ( )\___ | '_ | '_| | '_ \/ _` | \ \ \ \
 \\/  ___)| |_)| | | | | || (_| |  ) ) ) )
  '  |____| .__|_| |_|_| |_\__, | / / / /
 =========|_|==============|___/=/_/_/_/

 :: Spring Boot ::                (v3.3.5)

2024-11-11T02:06:28.565+08:00  INFO 19166 --- [UdarSuTestTask] [           main] c.V.UdarSuTestTask.WeatherAppTests       : Starting WeatherAppTests using Java 21.0.5-ea with PID 19166 (started by vlad-236 in /home/vlad-236/Java_projects/Udar.suTestTask/UdarSuTestTask)
2024-11-11T02:06:28.567+08:00  INFO 19166 --- [UdarSuTestTask] [           main] c.V.UdarSuTestTask.WeatherAppTests       : No active profile set, falling back to 1 default profile: "default"
2024-11-11T02:06:29.310+08:00  INFO 19166 --- [UdarSuTestTask] [           main] o.s.cloud.context.scope.GenericScope     : BeanFactory id=d362d2e8-8088-3996-bbf3-1ae939500ec2
2024-11-11T02:06:30.053+08:00  INFO 19166 --- [UdarSuTestTask] [           main] c.V.UdarSuTestTask.WeatherAppTests       : Started WeatherAppTests in 1.822 seconds (process running for 2.625)
]]></system-out>
    <system-err><![CDATA[WARNING: A Java agent has been loaded dynamically (/home/vlad-236/.m2/repository/net/bytebuddy/byte-buddy-agent/1.14.19/byte-buddy-agent-1.14.19.jar)
WARNING: If a serviceability tool is in use, please run with -XX:+EnableDynamicAgentLoading to hide this warning
WARNING: If a serviceability tool is not in use, please run with -Djdk.instrument.traceUsage for more information
WARNING: Dynamic loading of agents will be disallowed by default in a future release
]]></system-err>
  </testcase>
</testsuite>